2025-04-08 17:25:19,761: Logging to D:\ShuyuChang\AKTemp\Code\Arctic-River-Temp-Predictions\runs\Final_Results_0804_172519\output.log initialized.
2025-04-08 17:25:19,761: ### Folder structure created at D:\ShuyuChang\AKTemp\Code\Arctic-River-Temp-Predictions\runs\Final_Results_0804_172519
2025-04-08 17:25:19,761: ### Run configurations for Final_Results
2025-04-08 17:25:19,761: experiment_name: Final_Results
2025-04-08 17:25:19,761: train_basin_file: Data\1_test\train.txt
2025-04-08 17:25:19,761: validation_basin_file: Data\1_test\train_val.txt
2025-04-08 17:25:19,761: test_basin_file: Data\1_test\test.txt
2025-04-08 17:25:19,761: train_start_date: 2002-01-01 00:00:00
2025-04-08 17:25:19,774: train_end_date: 2022-08-01 00:00:00
2025-04-08 17:25:19,774: validation_start_date: 2002-01-01 00:00:00
2025-04-08 17:25:19,774: validation_end_date: 2022-08-01 00:00:00
2025-04-08 17:25:19,774: test_start_date: 2002-01-01 00:00:00
2025-04-08 17:25:19,774: test_end_date: 2022-09-01 00:00:00
2025-04-08 17:25:19,774: seed: 42
2025-04-08 17:25:19,774: device: cuda:1
2025-04-08 17:25:19,774: validate_every: 0
2025-04-08 17:25:19,774: validate_n_random_basins: 30
2025-04-08 17:25:19,790: metrics: ['NSE', 'RMSE', 'KGE']
2025-04-08 17:25:19,792: model: cudalstm
2025-04-08 17:25:19,792: head: regression
2025-04-08 17:25:19,792: output_activation: linear
2025-04-08 17:25:19,792: hidden_size: 300
2025-04-08 17:25:19,792: initial_forget_bias: 0
2025-04-08 17:25:19,792: output_dropout: 0.3
2025-04-08 17:25:19,806: optimizer: Adam
2025-04-08 17:25:19,806: loss: RMSE
2025-04-08 17:25:19,809: allow_subsequent_nan_losses: 80
2025-04-08 17:25:19,809: learning_rate: 0.000316
2025-04-08 17:25:19,809: batch_size: 40
2025-04-08 17:25:19,809: epochs: 8
2025-04-08 17:25:19,809: clip_gradient_norm: 1
2025-04-08 17:25:19,809: predict_last_n: 1
2025-04-08 17:25:19,809: seq_length: 365
2025-04-08 17:25:19,809: num_workers: 8
2025-04-08 17:25:19,809: log_interval: 1
2025-04-08 17:25:19,809: log_tensorboard: True
2025-04-08 17:25:19,809: log_n_figures: 1
2025-04-08 17:25:19,809: save_weights_every: 1
2025-04-08 17:25:19,809: save_validation_results: True
2025-04-08 17:25:19,821: dataset: generic
2025-04-08 17:25:19,821: data_dir: D:\ShuyuChang\AKTemp\Data\Hyperparameter\1_test
2025-04-08 17:25:19,824: forcings: ['maurer', 'daymet', 'nldas']
2025-04-08 17:25:19,824: dynamic_inputs: ['snow_depth_water_equivalent_mean', 'surface_net_solar_radiation_mean', 'surface_net_thermal_radiation_mean', 'temperature_2m_mean', 'u_component_of_wind_10m_mean', 'v_component_of_wind_10m_mean', 'volumetric_soil_water_layer_1_mean', 'soil_temperature_level_1_mean', 'total_precipitation_sum', 'potential_evaporation_sum', 'surface_runoff_sum', 'sub_surface_runoff_sum']
2025-04-08 17:25:19,824: target_variables: ['mean_temp_c']
2025-04-08 17:25:19,824: static_attributes: ['topo_GM90_topo_idx', 'ha_ppd_pk_uav', 'ha_for_pc_use', 'ha_snd_pc_uav', 'ice_PastickAK_probability', 'norm_aet', 'ice_GLIMS_glacier', 'ha_cmi_ix_uyr', 'norm_dis', 'ha_ele_mt_uav', 'ha_snw_pc_uyr', 'latitude', 'ha_tmp_dc_syr', 'ha_cly_pc_uav', 'norm_inundation', 'area_km2', 'ha_wet_pc_ug1', 'ha_nli_ix_uav', 'norm_riverarea', 'ha_pnv_cl_smj', 'ha_lit_cl_smj', 'soil_SG250_soc_15_30', 'soil_Pelletier_sed_thickness', 'ha_lka_pc_sse', 'ha_tmp_dc_s06', 'ha_tmp_dc_s07', 'ha_tmp_dc_s08', 'ha_tmp_dc_s09']
2025-04-08 17:25:19,824: number_of_basins: 100
2025-04-08 17:25:19,824: run_dir: D:\ShuyuChang\AKTemp\Code\Arctic-River-Temp-Predictions\runs\Final_Results_0804_172519
2025-04-08 17:25:19,837: train_dir: D:\ShuyuChang\AKTemp\Code\Arctic-River-Temp-Predictions\runs\Final_Results_0804_172519\train_data
2025-04-08 17:25:19,840: img_log_dir: D:\ShuyuChang\AKTemp\Code\Arctic-River-Temp-Predictions\runs\Final_Results_0804_172519\img_log
2025-04-08 17:25:19,885: ### Device cuda:1 will be used for training
2025-04-08 17:25:19,949: Loading basin data into xarray data set.
2025-04-08 17:25:29,836: Create lookup table and convert to pytorch tensor
2025-04-08 17:26:10,073: Logging to D:\ShuyuChang\AKTemp\Code\Arctic-River-Temp-Predictions\runs\Final_Results_0804_172610\output.log initialized.
2025-04-08 17:26:10,080: ### Folder structure created at D:\ShuyuChang\AKTemp\Code\Arctic-River-Temp-Predictions\runs\Final_Results_0804_172610
2025-04-08 17:26:10,080: ### Run configurations for Final_Results
2025-04-08 17:26:10,080: experiment_name: Final_Results
2025-04-08 17:26:10,080: train_basin_file: Data\1_test\train.txt
2025-04-08 17:26:10,080: validation_basin_file: Data\1_test\train_val.txt
2025-04-08 17:26:10,089: test_basin_file: Data\1_test\test.txt
2025-04-08 17:26:10,089: train_start_date: 2002-01-01 00:00:00
2025-04-08 17:26:10,089: train_end_date: 2022-08-01 00:00:00
2025-04-08 17:26:10,089: validation_start_date: 2002-01-01 00:00:00
2025-04-08 17:26:10,089: validation_end_date: 2022-08-01 00:00:00
2025-04-08 17:26:10,089: test_start_date: 2002-01-01 00:00:00
2025-04-08 17:26:10,089: test_end_date: 2022-09-01 00:00:00
2025-04-08 17:26:10,104: seed: 42
2025-04-08 17:26:10,104: device: cuda:1
2025-04-08 17:26:10,104: validate_every: 0
2025-04-08 17:26:10,104: validate_n_random_basins: 30
2025-04-08 17:26:10,104: metrics: ['NSE', 'RMSE', 'KGE']
2025-04-08 17:26:10,104: model: cudalstm
2025-04-08 17:26:10,104: head: regression
2025-04-08 17:26:10,104: output_activation: linear
2025-04-08 17:26:10,104: hidden_size: 300
2025-04-08 17:26:10,104: initial_forget_bias: 0
2025-04-08 17:26:10,120: output_dropout: 0.3
2025-04-08 17:26:10,120: optimizer: Adam
2025-04-08 17:26:10,120: loss: RMSE
2025-04-08 17:26:10,120: allow_subsequent_nan_losses: 80
2025-04-08 17:26:10,120: learning_rate: 0.000316
2025-04-08 17:26:10,120: batch_size: 40
2025-04-08 17:26:10,120: epochs: 8
2025-04-08 17:26:10,120: clip_gradient_norm: 1
2025-04-08 17:26:10,120: predict_last_n: 1
2025-04-08 17:26:10,120: seq_length: 365
2025-04-08 17:26:10,132: num_workers: 8
2025-04-08 17:26:10,132: log_interval: 1
2025-04-08 17:26:10,135: log_tensorboard: True
2025-04-08 17:26:10,135: log_n_figures: 1
2025-04-08 17:26:10,135: save_weights_every: 1
2025-04-08 17:26:10,135: save_validation_results: True
2025-04-08 17:26:10,135: dataset: generic
2025-04-08 17:26:10,135: data_dir: D:\ShuyuChang\AKTemp\Data\Hyperparameter\1_test
2025-04-08 17:26:10,135: forcings: ['maurer', 'daymet', 'nldas']
2025-04-08 17:26:10,135: dynamic_inputs: ['snow_depth_water_equivalent_mean', 'surface_net_solar_radiation_mean', 'surface_net_thermal_radiation_mean', 'temperature_2m_mean', 'u_component_of_wind_10m_mean', 'v_component_of_wind_10m_mean', 'volumetric_soil_water_layer_1_mean', 'soil_temperature_level_1_mean', 'total_precipitation_sum', 'potential_evaporation_sum', 'surface_runoff_sum', 'sub_surface_runoff_sum']
2025-04-08 17:26:10,135: target_variables: ['mean_temp_c']
2025-04-08 17:26:10,151: static_attributes: ['topo_GM90_topo_idx', 'ha_ppd_pk_uav', 'ha_for_pc_use', 'ha_snd_pc_uav', 'ice_PastickAK_probability', 'norm_aet', 'ice_GLIMS_glacier', 'ha_cmi_ix_uyr', 'norm_dis', 'ha_ele_mt_uav', 'ha_snw_pc_uyr', 'latitude', 'ha_tmp_dc_syr', 'ha_cly_pc_uav', 'norm_inundation', 'area_km2', 'ha_wet_pc_ug1', 'ha_nli_ix_uav', 'norm_riverarea', 'ha_pnv_cl_smj', 'ha_lit_cl_smj', 'soil_SG250_soc_15_30', 'soil_Pelletier_sed_thickness', 'ha_lka_pc_sse', 'ha_tmp_dc_s06', 'ha_tmp_dc_s07', 'ha_tmp_dc_s08', 'ha_tmp_dc_s09']
2025-04-08 17:26:10,151: number_of_basins: 100
2025-04-08 17:26:10,151: run_dir: D:\ShuyuChang\AKTemp\Code\Arctic-River-Temp-Predictions\runs\Final_Results_0804_172610
2025-04-08 17:26:10,151: train_dir: D:\ShuyuChang\AKTemp\Code\Arctic-River-Temp-Predictions\runs\Final_Results_0804_172610\train_data
2025-04-08 17:26:10,151: img_log_dir: D:\ShuyuChang\AKTemp\Code\Arctic-River-Temp-Predictions\runs\Final_Results_0804_172610\img_log
2025-04-08 17:26:10,151: ### Device cuda:1 will be used for training
2025-04-08 17:26:10,232: Loading basin data into xarray data set.
2025-04-08 17:26:16,105: Create lookup table and convert to pytorch tensor
2025-04-08 17:30:00,004: Logging to D:\ShuyuChang\AKTemp\Code\Arctic-River-Temp-Predictions\runs\Final_Results_0804_172959\output.log initialized.
2025-04-08 17:30:00,007: ### Folder structure created at D:\ShuyuChang\AKTemp\Code\Arctic-River-Temp-Predictions\runs\Final_Results_0804_172959
2025-04-08 17:30:00,009: ### Run configurations for Final_Results
2025-04-08 17:30:00,011: experiment_name: Final_Results
2025-04-08 17:30:00,015: train_basin_file: Data\1_test\train.txt
2025-04-08 17:30:00,017: validation_basin_file: Data\1_test\train_val.txt
2025-04-08 17:30:00,020: test_basin_file: Data\1_test\test.txt
2025-04-08 17:30:00,022: train_start_date: 2002-01-01 00:00:00
2025-04-08 17:30:00,022: train_end_date: 2022-08-01 00:00:00
2025-04-08 17:30:00,024: validation_start_date: 2002-01-01 00:00:00
2025-04-08 17:30:00,026: validation_end_date: 2022-08-01 00:00:00
2025-04-08 17:30:00,030: test_start_date: 2002-01-01 00:00:00
2025-04-08 17:30:00,032: test_end_date: 2022-09-01 00:00:00
2025-04-08 17:30:00,032: seed: 42
2025-04-08 17:30:00,034: device: cuda:1
2025-04-08 17:30:00,036: validate_every: 0
2025-04-08 17:30:00,038: validate_n_random_basins: 30
2025-04-08 17:30:00,040: metrics: ['NSE', 'RMSE', 'KGE']
2025-04-08 17:30:00,042: model: cudalstm
2025-04-08 17:30:00,044: head: regression
2025-04-08 17:30:00,046: output_activation: linear
2025-04-08 17:30:00,048: hidden_size: 300
2025-04-08 17:30:00,048: initial_forget_bias: 0
2025-04-08 17:30:00,052: output_dropout: 0.3
2025-04-08 17:30:00,052: optimizer: Adam
2025-04-08 17:30:00,052: loss: RMSE
2025-04-08 17:30:00,057: allow_subsequent_nan_losses: 80
2025-04-08 17:30:00,057: learning_rate: 0.000316
2025-04-08 17:30:00,059: batch_size: 40
2025-04-08 17:30:00,059: epochs: 8
2025-04-08 17:30:00,061: clip_gradient_norm: 1
2025-04-08 17:30:00,061: predict_last_n: 1
2025-04-08 17:30:00,063: seq_length: 365
2025-04-08 17:30:00,063: num_workers: 8
2025-04-08 17:30:00,065: log_interval: 1
2025-04-08 17:30:00,067: log_tensorboard: True
2025-04-08 17:30:00,068: log_n_figures: 1
2025-04-08 17:30:00,069: save_weights_every: 1
2025-04-08 17:30:00,069: save_validation_results: True
2025-04-08 17:30:00,069: dataset: generic
2025-04-08 17:30:00,069: data_dir: D:\ShuyuChang\AKTemp\Data\Hyperparameter\1_test
2025-04-08 17:30:00,069: forcings: ['maurer', 'daymet', 'nldas']
2025-04-08 17:30:00,075: dynamic_inputs: ['snow_depth_water_equivalent_mean', 'surface_net_solar_radiation_mean', 'surface_net_thermal_radiation_mean', 'temperature_2m_mean', 'u_component_of_wind_10m_mean', 'v_component_of_wind_10m_mean', 'volumetric_soil_water_layer_1_mean', 'soil_temperature_level_1_mean', 'total_precipitation_sum', 'potential_evaporation_sum', 'surface_runoff_sum', 'sub_surface_runoff_sum']
2025-04-08 17:30:00,075: target_variables: ['mean_temp_c']
2025-04-08 17:30:00,077: static_attributes: ['topo_GM90_topo_idx', 'ha_ppd_pk_uav', 'ha_for_pc_use', 'ha_snd_pc_uav', 'ice_PastickAK_probability', 'norm_aet', 'ice_GLIMS_glacier', 'ha_cmi_ix_uyr', 'norm_dis', 'ha_ele_mt_uav', 'ha_snw_pc_uyr', 'latitude', 'ha_tmp_dc_syr', 'ha_cly_pc_uav', 'norm_inundation', 'area_km2', 'ha_wet_pc_ug1', 'ha_nli_ix_uav', 'norm_riverarea', 'ha_pnv_cl_smj', 'ha_lit_cl_smj', 'soil_SG250_soc_15_30', 'soil_Pelletier_sed_thickness', 'ha_lka_pc_sse', 'ha_tmp_dc_s06', 'ha_tmp_dc_s07', 'ha_tmp_dc_s08', 'ha_tmp_dc_s09']
2025-04-08 17:30:00,079: number_of_basins: 100
2025-04-08 17:30:00,079: run_dir: D:\ShuyuChang\AKTemp\Code\Arctic-River-Temp-Predictions\runs\Final_Results_0804_172959
2025-04-08 17:30:00,081: train_dir: D:\ShuyuChang\AKTemp\Code\Arctic-River-Temp-Predictions\runs\Final_Results_0804_172959\train_data
2025-04-08 17:30:00,081: img_log_dir: D:\ShuyuChang\AKTemp\Code\Arctic-River-Temp-Predictions\runs\Final_Results_0804_172959\img_log
2025-04-08 17:30:00,084: ### Device cuda:1 will be used for training
2025-04-08 17:30:00,157: Loading basin data into xarray data set.
2025-04-08 17:30:08,007: Create lookup table and convert to pytorch tensor
2025-04-08 17:36:03,720: Logging to D:\ShuyuChang\AKTemp\Code\Arctic-River-Temp-Predictions\runs\Final_Results_0804_173603\output.log initialized.
2025-04-08 17:36:03,720: ### Folder structure created at D:\ShuyuChang\AKTemp\Code\Arctic-River-Temp-Predictions\runs\Final_Results_0804_173603
2025-04-08 17:36:03,720: ### Run configurations for Final_Results
2025-04-08 17:36:03,720: experiment_name: Final_Results
2025-04-08 17:36:03,720: train_basin_file: Data\1_test\train.txt
2025-04-08 17:36:03,720: validation_basin_file: Data\1_test\train_val.txt
2025-04-08 17:36:03,720: test_basin_file: Data\1_test\test.txt
2025-04-08 17:36:03,720: train_start_date: 2002-01-01 00:00:00
2025-04-08 17:36:03,736: train_end_date: 2022-08-01 00:00:00
2025-04-08 17:36:03,736: validation_start_date: 2002-01-01 00:00:00
2025-04-08 17:36:03,736: validation_end_date: 2022-08-01 00:00:00
2025-04-08 17:36:03,736: test_start_date: 2002-01-01 00:00:00
2025-04-08 17:36:03,736: test_end_date: 2022-09-01 00:00:00
2025-04-08 17:36:03,736: seed: 42
2025-04-08 17:36:03,736: device: cuda:1
2025-04-08 17:36:03,736: validate_every: 0
2025-04-08 17:36:03,736: validate_n_random_basins: 30
2025-04-08 17:36:03,736: metrics: ['NSE', 'RMSE', 'KGE']
2025-04-08 17:36:03,736: model: cudalstm
2025-04-08 17:36:03,736: head: regression
2025-04-08 17:36:03,736: output_activation: linear
2025-04-08 17:36:03,736: hidden_size: 300
2025-04-08 17:36:03,751: initial_forget_bias: 0
2025-04-08 17:36:03,751: output_dropout: 0.3
2025-04-08 17:36:03,755: optimizer: Adam
2025-04-08 17:36:03,757: loss: RMSE
2025-04-08 17:36:03,757: allow_subsequent_nan_losses: 80
2025-04-08 17:36:03,759: learning_rate: 0.000316
2025-04-08 17:36:03,759: batch_size: 40
2025-04-08 17:36:03,761: epochs: 8
2025-04-08 17:36:03,761: clip_gradient_norm: 1
2025-04-08 17:36:03,761: predict_last_n: 1
2025-04-08 17:36:03,761: seq_length: 365
2025-04-08 17:36:03,761: num_workers: 8
2025-04-08 17:36:03,761: log_interval: 1
2025-04-08 17:36:03,767: log_tensorboard: True
2025-04-08 17:36:03,767: log_n_figures: 1
2025-04-08 17:36:03,767: save_weights_every: 1
2025-04-08 17:36:03,767: save_validation_results: True
2025-04-08 17:36:03,767: dataset: generic
2025-04-08 17:36:03,767: data_dir: D:\ShuyuChang\AKTemp\Data\Hyperparameter\1_test
2025-04-08 17:36:03,767: forcings: ['maurer', 'daymet', 'nldas']
2025-04-08 17:36:03,767: dynamic_inputs: ['snow_depth_water_equivalent_mean', 'surface_net_solar_radiation_mean', 'surface_net_thermal_radiation_mean', 'temperature_2m_mean', 'u_component_of_wind_10m_mean', 'v_component_of_wind_10m_mean', 'volumetric_soil_water_layer_1_mean', 'soil_temperature_level_1_mean', 'total_precipitation_sum', 'potential_evaporation_sum', 'surface_runoff_sum', 'sub_surface_runoff_sum']
2025-04-08 17:36:03,767: target_variables: ['mean_temp_c']
2025-04-08 17:36:03,767: static_attributes: ['topo_GM90_topo_idx', 'ha_ppd_pk_uav', 'ha_for_pc_use', 'ha_snd_pc_uav', 'ice_PastickAK_probability', 'norm_aet', 'ice_GLIMS_glacier', 'ha_cmi_ix_uyr', 'norm_dis', 'ha_ele_mt_uav', 'ha_snw_pc_uyr', 'latitude', 'ha_tmp_dc_syr', 'ha_cly_pc_uav', 'norm_inundation', 'area_km2', 'ha_wet_pc_ug1', 'ha_nli_ix_uav', 'norm_riverarea', 'ha_pnv_cl_smj', 'ha_lit_cl_smj', 'soil_SG250_soc_15_30', 'soil_Pelletier_sed_thickness', 'ha_lka_pc_sse', 'ha_tmp_dc_s06', 'ha_tmp_dc_s07', 'ha_tmp_dc_s08', 'ha_tmp_dc_s09']
2025-04-08 17:36:03,767: number_of_basins: 100
2025-04-08 17:36:03,767: run_dir: D:\ShuyuChang\AKTemp\Code\Arctic-River-Temp-Predictions\runs\Final_Results_0804_173603
2025-04-08 17:36:03,767: train_dir: D:\ShuyuChang\AKTemp\Code\Arctic-River-Temp-Predictions\runs\Final_Results_0804_173603\train_data
2025-04-08 17:36:03,782: img_log_dir: D:\ShuyuChang\AKTemp\Code\Arctic-River-Temp-Predictions\runs\Final_Results_0804_173603\img_log
2025-04-08 17:36:03,784: ### Device cuda:1 will be used for training
2025-04-08 17:36:03,832: Loading basin data into xarray data set.
2025-04-08 17:36:10,169: Create lookup table and convert to pytorch tensor
2025-04-08 17:37:17,513: Logging to D:\ShuyuChang\AKTemp\Code\Arctic-River-Temp-Predictions\runs\Final_Results_0804_173717\output.log initialized.
2025-04-08 17:37:17,513: ### Folder structure created at D:\ShuyuChang\AKTemp\Code\Arctic-River-Temp-Predictions\runs\Final_Results_0804_173717
2025-04-08 17:37:17,513: ### Run configurations for Final_Results
2025-04-08 17:37:17,513: experiment_name: Final_Results
2025-04-08 17:37:17,513: train_basin_file: Data\1_test\train.txt
2025-04-08 17:37:17,523: validation_basin_file: Data\1_test\train_val.txt
2025-04-08 17:37:17,523: test_basin_file: Data\1_test\test.txt
2025-04-08 17:37:17,523: train_start_date: 2002-01-01 00:00:00
2025-04-08 17:37:17,523: train_end_date: 2022-08-01 00:00:00
2025-04-08 17:37:17,523: validation_start_date: 2002-01-01 00:00:00
2025-04-08 17:37:17,531: validation_end_date: 2022-08-01 00:00:00
2025-04-08 17:37:17,531: test_start_date: 2002-01-01 00:00:00
2025-04-08 17:37:17,531: test_end_date: 2022-09-01 00:00:00
2025-04-08 17:37:17,531: seed: 42
2025-04-08 17:37:17,538: device: cuda:1
2025-04-08 17:37:17,538: validate_every: 0
2025-04-08 17:37:17,538: validate_n_random_basins: 30
2025-04-08 17:37:17,538: metrics: ['NSE', 'RMSE', 'KGE']
2025-04-08 17:37:17,538: model: cudalstm
2025-04-08 17:37:17,538: head: regression
2025-04-08 17:37:17,538: output_activation: linear
2025-04-08 17:37:17,538: hidden_size: 300
2025-04-08 17:37:17,554: initial_forget_bias: 0
2025-04-08 17:37:17,554: output_dropout: 0.3
2025-04-08 17:37:17,554: optimizer: Adam
2025-04-08 17:37:17,554: loss: RMSE
2025-04-08 17:37:17,554: allow_subsequent_nan_losses: 80
2025-04-08 17:37:17,563: learning_rate: 0.000316
2025-04-08 17:37:17,563: batch_size: 40
2025-04-08 17:37:17,563: epochs: 8
2025-04-08 17:37:17,563: clip_gradient_norm: 1
2025-04-08 17:37:17,570: predict_last_n: 1
2025-04-08 17:37:17,572: seq_length: 365
2025-04-08 17:37:17,572: num_workers: 8
2025-04-08 17:37:17,574: log_interval: 1
2025-04-08 17:37:17,576: log_tensorboard: True
2025-04-08 17:37:17,576: log_n_figures: 1
2025-04-08 17:37:17,578: save_weights_every: 1
2025-04-08 17:37:17,580: save_validation_results: True
2025-04-08 17:37:17,582: dataset: generic
2025-04-08 17:37:17,582: data_dir: D:\ShuyuChang\AKTemp\Data\Hyperparameter\1_test
2025-04-08 17:37:17,584: forcings: ['maurer', 'daymet', 'nldas']
2025-04-08 17:37:17,584: dynamic_inputs: ['snow_depth_water_equivalent_mean', 'surface_net_solar_radiation_mean', 'surface_net_thermal_radiation_mean', 'temperature_2m_mean', 'u_component_of_wind_10m_mean', 'v_component_of_wind_10m_mean', 'volumetric_soil_water_layer_1_mean', 'soil_temperature_level_1_mean', 'total_precipitation_sum', 'potential_evaporation_sum', 'surface_runoff_sum', 'sub_surface_runoff_sum']
2025-04-08 17:37:17,586: target_variables: ['mean_temp_c']
2025-04-08 17:37:17,588: static_attributes: ['topo_GM90_topo_idx', 'ha_ppd_pk_uav', 'ha_for_pc_use', 'ha_snd_pc_uav', 'ice_PastickAK_probability', 'norm_aet', 'ice_GLIMS_glacier', 'ha_cmi_ix_uyr', 'norm_dis', 'ha_ele_mt_uav', 'ha_snw_pc_uyr', 'latitude', 'ha_tmp_dc_syr', 'ha_cly_pc_uav', 'norm_inundation', 'area_km2', 'ha_wet_pc_ug1', 'ha_nli_ix_uav', 'norm_riverarea', 'ha_pnv_cl_smj', 'ha_lit_cl_smj', 'soil_SG250_soc_15_30', 'soil_Pelletier_sed_thickness', 'ha_lka_pc_sse', 'ha_tmp_dc_s06', 'ha_tmp_dc_s07', 'ha_tmp_dc_s08', 'ha_tmp_dc_s09']
2025-04-08 17:37:17,588: number_of_basins: 100
2025-04-08 17:37:17,590: run_dir: D:\ShuyuChang\AKTemp\Code\Arctic-River-Temp-Predictions\runs\Final_Results_0804_173717
2025-04-08 17:37:17,594: train_dir: D:\ShuyuChang\AKTemp\Code\Arctic-River-Temp-Predictions\runs\Final_Results_0804_173717\train_data
2025-04-08 17:37:17,594: img_log_dir: D:\ShuyuChang\AKTemp\Code\Arctic-River-Temp-Predictions\runs\Final_Results_0804_173717\img_log
2025-04-08 17:37:17,596: ### Device cuda:1 will be used for training
2025-04-08 17:37:17,645: Loading basin data into xarray data set.
2025-04-08 17:37:23,608: Create lookup table and convert to pytorch tensor
2025-04-08 17:41:23,154: Logging to D:\ShuyuChang\AKTemp\Code\Arctic-River-Temp-Predictions\runs\Final_Results_0804_174123\output.log initialized.
2025-04-08 17:41:23,156: ### Folder structure created at D:\ShuyuChang\AKTemp\Code\Arctic-River-Temp-Predictions\runs\Final_Results_0804_174123
2025-04-08 17:41:23,158: ### Run configurations for Final_Results
2025-04-08 17:41:23,160: experiment_name: Final_Results
2025-04-08 17:41:23,162: train_basin_file: Data\1_test\train.txt
2025-04-08 17:41:23,162: validation_basin_file: Data\1_test\train_val.txt
2025-04-08 17:41:23,165: test_basin_file: Data\1_test\test.txt
2025-04-08 17:41:23,165: train_start_date: 2002-01-01 00:00:00
2025-04-08 17:41:23,167: train_end_date: 2022-08-01 00:00:00
2025-04-08 17:41:23,169: validation_start_date: 2002-01-01 00:00:00
2025-04-08 17:41:23,170: validation_end_date: 2022-08-01 00:00:00
2025-04-08 17:41:23,174: test_start_date: 2002-01-01 00:00:00
2025-04-08 17:41:23,176: test_end_date: 2022-09-01 00:00:00
2025-04-08 17:41:23,176: seed: 42
2025-04-08 17:41:23,176: device: cuda:1
2025-04-08 17:41:23,176: validate_every: 0
2025-04-08 17:41:23,184: validate_n_random_basins: 30
2025-04-08 17:41:23,186: metrics: ['NSE', 'RMSE', 'KGE']
2025-04-08 17:41:23,186: model: cudalstm
2025-04-08 17:41:23,186: head: regression
2025-04-08 17:41:23,186: output_activation: linear
2025-04-08 17:41:23,196: hidden_size: 300
2025-04-08 17:41:23,196: initial_forget_bias: 0
2025-04-08 17:41:23,196: output_dropout: 0.3
2025-04-08 17:41:23,196: optimizer: Adam
2025-04-08 17:41:23,202: loss: RMSE
2025-04-08 17:41:23,204: allow_subsequent_nan_losses: 80
2025-04-08 17:41:23,204: learning_rate: 0.000316
2025-04-08 17:41:23,206: batch_size: 40
2025-04-08 17:41:23,208: epochs: 8
2025-04-08 17:41:23,210: clip_gradient_norm: 1
2025-04-08 17:41:23,212: predict_last_n: 1
2025-04-08 17:41:23,215: seq_length: 365
2025-04-08 17:41:23,218: num_workers: 8
2025-04-08 17:41:23,218: log_interval: 1
2025-04-08 17:41:23,220: log_tensorboard: True
2025-04-08 17:41:23,220: log_n_figures: 1
2025-04-08 17:41:23,222: save_weights_every: 1
2025-04-08 17:41:23,224: save_validation_results: True
2025-04-08 17:41:23,224: dataset: generic
2025-04-08 17:41:23,226: data_dir: D:\ShuyuChang\AKTemp\Data\Hyperparameter\1_test
2025-04-08 17:41:23,226: forcings: ['maurer', 'daymet', 'nldas']
2025-04-08 17:41:23,228: dynamic_inputs: ['snow_depth_water_equivalent_mean', 'surface_net_solar_radiation_mean', 'surface_net_thermal_radiation_mean', 'temperature_2m_mean', 'u_component_of_wind_10m_mean', 'v_component_of_wind_10m_mean', 'volumetric_soil_water_layer_1_mean', 'soil_temperature_level_1_mean', 'total_precipitation_sum', 'potential_evaporation_sum', 'surface_runoff_sum', 'sub_surface_runoff_sum']
2025-04-08 17:41:23,228: target_variables: ['mean_temp_c']
2025-04-08 17:41:23,230: static_attributes: ['topo_GM90_topo_idx', 'ha_ppd_pk_uav', 'ha_for_pc_use', 'ha_snd_pc_uav', 'ice_PastickAK_probability', 'norm_aet', 'ice_GLIMS_glacier', 'ha_cmi_ix_uyr', 'norm_dis', 'ha_ele_mt_uav', 'ha_snw_pc_uyr', 'latitude', 'ha_tmp_dc_syr', 'ha_cly_pc_uav', 'norm_inundation', 'area_km2', 'ha_wet_pc_ug1', 'ha_nli_ix_uav', 'norm_riverarea', 'ha_pnv_cl_smj', 'ha_lit_cl_smj', 'soil_SG250_soc_15_30', 'soil_Pelletier_sed_thickness', 'ha_lka_pc_sse', 'ha_tmp_dc_s06', 'ha_tmp_dc_s07', 'ha_tmp_dc_s08', 'ha_tmp_dc_s09']
2025-04-08 17:41:23,230: number_of_basins: 100
2025-04-08 17:41:23,232: run_dir: D:\ShuyuChang\AKTemp\Code\Arctic-River-Temp-Predictions\runs\Final_Results_0804_174123
2025-04-08 17:41:23,232: train_dir: D:\ShuyuChang\AKTemp\Code\Arctic-River-Temp-Predictions\runs\Final_Results_0804_174123\train_data
2025-04-08 17:41:23,234: img_log_dir: D:\ShuyuChang\AKTemp\Code\Arctic-River-Temp-Predictions\runs\Final_Results_0804_174123\img_log
2025-04-08 17:41:23,235: ### Device cuda:1 will be used for training
2025-04-08 17:41:23,311: Loading basin data into xarray data set.
2025-04-08 17:41:29,107: Create lookup table and convert to pytorch tensor
2025-04-08 17:41:42,772: Logging to D:\ShuyuChang\AKTemp\Code\Arctic-River-Temp-Predictions\runs\Final_Results_0804_174142\output.log initialized.
2025-04-08 17:41:42,777: ### Folder structure created at D:\ShuyuChang\AKTemp\Code\Arctic-River-Temp-Predictions\runs\Final_Results_0804_174142
2025-04-08 17:41:42,779: ### Run configurations for Final_Results
2025-04-08 17:41:42,781: experiment_name: Final_Results
2025-04-08 17:41:42,783: train_basin_file: Data\1_test\train.txt
2025-04-08 17:41:42,785: validation_basin_file: Data\1_test\train_val.txt
2025-04-08 17:41:42,787: test_basin_file: Data\1_test\test.txt
2025-04-08 17:41:42,789: train_start_date: 2002-01-01 00:00:00
2025-04-08 17:41:42,791: train_end_date: 2022-08-01 00:00:00
2025-04-08 17:41:42,793: validation_start_date: 2002-01-01 00:00:00
2025-04-08 17:41:42,795: validation_end_date: 2022-08-01 00:00:00
2025-04-08 17:41:42,795: test_start_date: 2002-01-01 00:00:00
2025-04-08 17:41:42,797: test_end_date: 2022-09-01 00:00:00
2025-04-08 17:41:42,799: seed: 42
2025-04-08 17:41:42,799: device: cuda:1
2025-04-08 17:41:42,801: validate_every: 0
2025-04-08 17:41:42,801: validate_n_random_basins: 30
2025-04-08 17:41:42,803: metrics: ['NSE', 'RMSE', 'KGE']
2025-04-08 17:41:42,807: model: cudalstm
2025-04-08 17:41:42,809: head: regression
2025-04-08 17:41:42,811: output_activation: linear
2025-04-08 17:41:42,813: hidden_size: 300
2025-04-08 17:41:42,815: initial_forget_bias: 0
2025-04-08 17:41:42,815: output_dropout: 0.3
2025-04-08 17:41:42,817: optimizer: Adam
2025-04-08 17:41:42,819: loss: RMSE
2025-04-08 17:41:42,821: allow_subsequent_nan_losses: 80
2025-04-08 17:41:42,821: learning_rate: 0.000316
2025-04-08 17:41:42,821: batch_size: 40
2025-04-08 17:41:42,821: epochs: 8
2025-04-08 17:41:42,821: clip_gradient_norm: 1
2025-04-08 17:41:42,821: predict_last_n: 1
2025-04-08 17:41:42,821: seq_length: 365
2025-04-08 17:41:42,821: num_workers: 8
2025-04-08 17:41:42,821: log_interval: 1
2025-04-08 17:41:42,821: log_tensorboard: True
2025-04-08 17:41:42,821: log_n_figures: 1
2025-04-08 17:41:42,821: save_weights_every: 1
2025-04-08 17:41:42,821: save_validation_results: True
2025-04-08 17:41:42,821: dataset: generic
2025-04-08 17:41:42,835: data_dir: D:\ShuyuChang\AKTemp\Data\Hyperparameter\1_test
2025-04-08 17:41:42,835: forcings: ['maurer', 'daymet', 'nldas']
2025-04-08 17:41:42,835: dynamic_inputs: ['snow_depth_water_equivalent_mean', 'surface_net_solar_radiation_mean', 'surface_net_thermal_radiation_mean', 'temperature_2m_mean', 'u_component_of_wind_10m_mean', 'v_component_of_wind_10m_mean', 'volumetric_soil_water_layer_1_mean', 'soil_temperature_level_1_mean', 'total_precipitation_sum', 'potential_evaporation_sum', 'surface_runoff_sum', 'sub_surface_runoff_sum']
2025-04-08 17:41:42,840: target_variables: ['mean_temp_c']
2025-04-08 17:41:42,840: static_attributes: ['topo_GM90_topo_idx', 'ha_ppd_pk_uav', 'ha_for_pc_use', 'ha_snd_pc_uav', 'ice_PastickAK_probability', 'norm_aet', 'ice_GLIMS_glacier', 'ha_cmi_ix_uyr', 'norm_dis', 'ha_ele_mt_uav', 'ha_snw_pc_uyr', 'latitude', 'ha_tmp_dc_syr', 'ha_cly_pc_uav', 'norm_inundation', 'area_km2', 'ha_wet_pc_ug1', 'ha_nli_ix_uav', 'norm_riverarea', 'ha_pnv_cl_smj', 'ha_lit_cl_smj', 'soil_SG250_soc_15_30', 'soil_Pelletier_sed_thickness', 'ha_lka_pc_sse', 'ha_tmp_dc_s06', 'ha_tmp_dc_s07', 'ha_tmp_dc_s08', 'ha_tmp_dc_s09']
2025-04-08 17:41:42,840: number_of_basins: 100
2025-04-08 17:41:42,840: run_dir: D:\ShuyuChang\AKTemp\Code\Arctic-River-Temp-Predictions\runs\Final_Results_0804_174142
2025-04-08 17:41:42,840: train_dir: D:\ShuyuChang\AKTemp\Code\Arctic-River-Temp-Predictions\runs\Final_Results_0804_174142\train_data
2025-04-08 17:41:42,840: img_log_dir: D:\ShuyuChang\AKTemp\Code\Arctic-River-Temp-Predictions\runs\Final_Results_0804_174142\img_log
2025-04-08 17:41:42,840: ### Device cuda:1 will be used for training
2025-04-08 17:41:42,887: Loading basin data into xarray data set.
2025-04-08 17:41:49,047: Create lookup table and convert to pytorch tensor
2025-04-08 17:43:58,485: Logging to D:\ShuyuChang\AKTemp\Code\Arctic-River-Temp-Predictions\runs\Final_Results_0804_174358\output.log initialized.
2025-04-08 17:43:58,491: ### Folder structure created at D:\ShuyuChang\AKTemp\Code\Arctic-River-Temp-Predictions\runs\Final_Results_0804_174358
2025-04-08 17:43:58,493: ### Run configurations for Final_Results
2025-04-08 17:43:58,494: experiment_name: Final_Results
2025-04-08 17:43:58,496: train_basin_file: Data\1_test\train.txt
2025-04-08 17:43:58,496: validation_basin_file: Data\1_test\train_val.txt
2025-04-08 17:43:58,501: test_basin_file: Data\1_test\test.txt
2025-04-08 17:43:58,501: train_start_date: 2002-01-01 00:00:00
2025-04-08 17:43:58,501: train_end_date: 2022-08-01 00:00:00
2025-04-08 17:43:58,501: validation_start_date: 2002-01-01 00:00:00
2025-04-08 17:43:58,501: validation_end_date: 2022-08-01 00:00:00
2025-04-08 17:43:58,501: test_start_date: 2002-01-01 00:00:00
2025-04-08 17:43:58,501: test_end_date: 2022-09-01 00:00:00
2025-04-08 17:43:58,501: seed: 42
2025-04-08 17:43:58,517: device: cuda:1
2025-04-08 17:43:58,517: validate_every: 0
2025-04-08 17:43:58,517: validate_n_random_basins: 30
2025-04-08 17:43:58,517: metrics: ['NSE', 'RMSE', 'KGE']
2025-04-08 17:43:58,524: model: cudalstm
2025-04-08 17:43:58,526: head: regression
2025-04-08 17:43:58,526: output_activation: linear
2025-04-08 17:43:58,526: hidden_size: 300
2025-04-08 17:43:58,531: initial_forget_bias: 0
2025-04-08 17:43:58,531: output_dropout: 0.3
2025-04-08 17:43:58,533: optimizer: Adam
2025-04-08 17:43:58,533: loss: RMSE
2025-04-08 17:43:58,536: allow_subsequent_nan_losses: 80
2025-04-08 17:43:58,538: learning_rate: 0.000316
2025-04-08 17:43:58,538: batch_size: 40
2025-04-08 17:43:58,541: epochs: 8
2025-04-08 17:43:58,543: clip_gradient_norm: 1
2025-04-08 17:43:58,543: predict_last_n: 1
2025-04-08 17:43:58,545: seq_length: 365
2025-04-08 17:43:58,545: num_workers: 8
2025-04-08 17:43:58,545: log_interval: 1
2025-04-08 17:43:58,548: log_tensorboard: True
2025-04-08 17:43:58,548: log_n_figures: 1
2025-04-08 17:43:58,548: save_weights_every: 1
2025-04-08 17:43:58,548: save_validation_results: True
2025-04-08 17:43:58,548: dataset: generic
2025-04-08 17:43:58,548: data_dir: D:\ShuyuChang\AKTemp\Data\Hyperparameter\1_test
2025-04-08 17:43:58,548: forcings: ['maurer', 'daymet', 'nldas']
2025-04-08 17:43:58,548: dynamic_inputs: ['snow_depth_water_equivalent_mean', 'surface_net_solar_radiation_mean', 'surface_net_thermal_radiation_mean', 'temperature_2m_mean', 'u_component_of_wind_10m_mean', 'v_component_of_wind_10m_mean', 'volumetric_soil_water_layer_1_mean', 'soil_temperature_level_1_mean', 'total_precipitation_sum', 'potential_evaporation_sum', 'surface_runoff_sum', 'sub_surface_runoff_sum']
2025-04-08 17:43:58,557: target_variables: ['mean_temp_c']
2025-04-08 17:43:58,557: static_attributes: ['topo_GM90_topo_idx', 'ha_ppd_pk_uav', 'ha_for_pc_use', 'ha_snd_pc_uav', 'ice_PastickAK_probability', 'norm_aet', 'ice_GLIMS_glacier', 'ha_cmi_ix_uyr', 'norm_dis', 'ha_ele_mt_uav', 'ha_snw_pc_uyr', 'latitude', 'ha_tmp_dc_syr', 'ha_cly_pc_uav', 'norm_inundation', 'area_km2', 'ha_wet_pc_ug1', 'ha_nli_ix_uav', 'norm_riverarea', 'ha_pnv_cl_smj', 'ha_lit_cl_smj', 'soil_SG250_soc_15_30', 'soil_Pelletier_sed_thickness', 'ha_lka_pc_sse', 'ha_tmp_dc_s06', 'ha_tmp_dc_s07', 'ha_tmp_dc_s08', 'ha_tmp_dc_s09']
2025-04-08 17:43:58,557: number_of_basins: 100
2025-04-08 17:43:58,557: run_dir: D:\ShuyuChang\AKTemp\Code\Arctic-River-Temp-Predictions\runs\Final_Results_0804_174358
2025-04-08 17:43:58,557: train_dir: D:\ShuyuChang\AKTemp\Code\Arctic-River-Temp-Predictions\runs\Final_Results_0804_174358\train_data
2025-04-08 17:43:58,557: img_log_dir: D:\ShuyuChang\AKTemp\Code\Arctic-River-Temp-Predictions\runs\Final_Results_0804_174358\img_log
2025-04-08 17:43:58,557: ### Device cuda:1 will be used for training
2025-04-08 17:43:58,649: Loading basin data into xarray data set.
2025-04-08 17:44:06,838: Create lookup table and convert to pytorch tensor
