2025-04-08 17:53:59,568: Logging to D:\ShuyuChang\AKTemp\Code\Arctic-River-Temp-Predictions\runs\Final_Results_0804_175359\output.log initialized.
2025-04-08 17:53:59,579: ### Folder structure created at D:\ShuyuChang\AKTemp\Code\Arctic-River-Temp-Predictions\runs\Final_Results_0804_175359
2025-04-08 17:53:59,579: ### Run configurations for Final_Results
2025-04-08 17:53:59,579: experiment_name: Final_Results
2025-04-08 17:53:59,584: train_basin_file: Data\1_test\train.txt
2025-04-08 17:53:59,584: validation_basin_file: Data\1_test\train_val.txt
2025-04-08 17:53:59,584: test_basin_file: Data\1_test\test.txt
2025-04-08 17:53:59,584: train_start_date: 2002-01-01 00:00:00
2025-04-08 17:53:59,584: train_end_date: 2022-08-01 00:00:00
2025-04-08 17:53:59,591: validation_start_date: 2002-01-01 00:00:00
2025-04-08 17:53:59,595: validation_end_date: 2022-08-01 00:00:00
2025-04-08 17:53:59,595: test_start_date: 2002-01-01 00:00:00
2025-04-08 17:53:59,595: test_end_date: 2022-09-01 00:00:00
2025-04-08 17:53:59,595: seed: 42
2025-04-08 17:53:59,595: device: cuda:1
2025-04-08 17:53:59,600: validate_every: 0
2025-04-08 17:53:59,600: validate_n_random_basins: 30
2025-04-08 17:53:59,600: metrics: ['NSE', 'RMSE', 'KGE']
2025-04-08 17:53:59,600: model: cudalstm
2025-04-08 17:53:59,600: head: regression
2025-04-08 17:53:59,600: output_activation: linear
2025-04-08 17:53:59,600: hidden_size: 300
2025-04-08 17:53:59,600: initial_forget_bias: 0
2025-04-08 17:53:59,600: output_dropout: 0.3
2025-04-08 17:53:59,600: optimizer: Adam
2025-04-08 17:53:59,600: loss: RMSE
2025-04-08 17:53:59,610: allow_subsequent_nan_losses: 80
2025-04-08 17:53:59,610: learning_rate: 0.000316
2025-04-08 17:53:59,610: batch_size: 40
2025-04-08 17:53:59,610: epochs: 8
2025-04-08 17:53:59,610: clip_gradient_norm: 1
2025-04-08 17:53:59,615: predict_last_n: 1
2025-04-08 17:53:59,615: seq_length: 365
2025-04-08 17:53:59,615: num_workers: 8
2025-04-08 17:53:59,615: log_interval: 1
2025-04-08 17:53:59,615: log_tensorboard: True
2025-04-08 17:53:59,615: log_n_figures: 1
2025-04-08 17:53:59,615: save_weights_every: 1
2025-04-08 17:53:59,615: save_validation_results: True
2025-04-08 17:53:59,615: dataset: generic
2025-04-08 17:53:59,615: data_dir: D:\ShuyuChang\AKTemp\Data\Hyperparameter\1_test
2025-04-08 17:53:59,615: forcings: ['maurer', 'daymet', 'nldas']
2025-04-08 17:53:59,615: dynamic_inputs: ['snow_depth_water_equivalent_mean', 'surface_net_solar_radiation_mean', 'surface_net_thermal_radiation_mean', 'temperature_2m_mean', 'u_component_of_wind_10m_mean', 'v_component_of_wind_10m_mean', 'volumetric_soil_water_layer_1_mean', 'soil_temperature_level_1_mean', 'total_precipitation_sum', 'potential_evaporation_sum', 'surface_runoff_sum', 'sub_surface_runoff_sum']
2025-04-08 17:53:59,615: target_variables: ['mean_temp_c']
2025-04-08 17:53:59,615: static_attributes: ['topo_GM90_topo_idx', 'ha_ppd_pk_uav', 'ha_for_pc_use', 'ha_snd_pc_uav', 'ice_PastickAK_probability', 'norm_aet', 'ice_GLIMS_glacier', 'ha_cmi_ix_uyr', 'norm_dis', 'ha_ele_mt_uav', 'ha_snw_pc_uyr', 'latitude', 'ha_tmp_dc_syr', 'ha_cly_pc_uav', 'norm_inundation', 'area_km2', 'ha_wet_pc_ug1', 'ha_nli_ix_uav', 'norm_riverarea', 'ha_pnv_cl_smj', 'ha_lit_cl_smj', 'soil_SG250_soc_15_30', 'soil_Pelletier_sed_thickness', 'ha_lka_pc_sse', 'ha_tmp_dc_s06', 'ha_tmp_dc_s07', 'ha_tmp_dc_s08', 'ha_tmp_dc_s09']
2025-04-08 17:53:59,615: number_of_basins: 100
2025-04-08 17:53:59,615: run_dir: D:\ShuyuChang\AKTemp\Code\Arctic-River-Temp-Predictions\runs\Final_Results_0804_175359
2025-04-08 17:53:59,615: train_dir: D:\ShuyuChang\AKTemp\Code\Arctic-River-Temp-Predictions\runs\Final_Results_0804_175359\train_data
2025-04-08 17:53:59,615: img_log_dir: D:\ShuyuChang\AKTemp\Code\Arctic-River-Temp-Predictions\runs\Final_Results_0804_175359\img_log
2025-04-08 17:53:59,721: ### Device cuda:1 will be used for training
2025-04-08 17:53:59,798: Loading basin data into xarray data set.
2025-04-08 17:54:06,025: Create lookup table and convert to pytorch tensor
2025-04-08 17:55:57,700: Logging to D:\ShuyuChang\AKTemp\Code\Arctic-River-Temp-Predictions\runs\Final_Results_0804_175557\output.log initialized.
2025-04-08 17:55:57,700: ### Folder structure created at D:\ShuyuChang\AKTemp\Code\Arctic-River-Temp-Predictions\runs\Final_Results_0804_175557
2025-04-08 17:55:57,703: ### Run configurations for Final_Results
2025-04-08 17:55:57,705: experiment_name: Final_Results
2025-04-08 17:55:57,705: train_basin_file: Data\1_test\train.txt
2025-04-08 17:55:57,705: validation_basin_file: Data\1_test\train_val.txt
2025-04-08 17:55:57,705: test_basin_file: Data\1_test\test.txt
2025-04-08 17:55:57,705: train_start_date: 2002-01-01 00:00:00
2025-04-08 17:55:57,705: train_end_date: 2022-08-01 00:00:00
2025-04-08 17:55:57,716: validation_start_date: 2002-01-01 00:00:00
2025-04-08 17:55:57,716: validation_end_date: 2022-08-01 00:00:00
2025-04-08 17:55:57,716: test_start_date: 2002-01-01 00:00:00
2025-04-08 17:55:57,716: test_end_date: 2022-09-01 00:00:00
2025-04-08 17:55:57,716: seed: 42
2025-04-08 17:55:57,716: device: cuda:1
2025-04-08 17:55:57,716: validate_every: 0
2025-04-08 17:55:57,716: validate_n_random_basins: 30
2025-04-08 17:55:57,716: metrics: ['NSE', 'RMSE', 'KGE']
2025-04-08 17:55:57,732: model: cudalstm
2025-04-08 17:55:57,732: head: regression
2025-04-08 17:55:57,734: output_activation: linear
2025-04-08 17:55:57,734: hidden_size: 300
2025-04-08 17:55:57,734: initial_forget_bias: 0
2025-04-08 17:55:57,734: output_dropout: 0.3
2025-04-08 17:55:57,734: optimizer: Adam
2025-04-08 17:55:57,734: loss: RMSE
2025-04-08 17:55:57,734: allow_subsequent_nan_losses: 80
2025-04-08 17:55:57,734: learning_rate: 0.000316
2025-04-08 17:55:57,734: batch_size: 40
2025-04-08 17:55:57,747: epochs: 8
2025-04-08 17:55:57,747: clip_gradient_norm: 1
2025-04-08 17:55:57,747: predict_last_n: 1
2025-04-08 17:55:57,747: seq_length: 365
2025-04-08 17:55:57,747: num_workers: 8
2025-04-08 17:55:57,747: log_interval: 1
2025-04-08 17:55:57,747: log_tensorboard: True
2025-04-08 17:55:57,747: log_n_figures: 1
2025-04-08 17:55:57,747: save_weights_every: 1
2025-04-08 17:55:57,747: save_validation_results: True
2025-04-08 17:55:57,747: dataset: generic
2025-04-08 17:55:57,747: data_dir: D:\ShuyuChang\AKTemp\Data\Hyperparameter\1_test
2025-04-08 17:55:57,747: forcings: ['maurer', 'daymet', 'nldas']
2025-04-08 17:55:57,747: dynamic_inputs: ['snow_depth_water_equivalent_mean', 'surface_net_solar_radiation_mean', 'surface_net_thermal_radiation_mean', 'temperature_2m_mean', 'u_component_of_wind_10m_mean', 'v_component_of_wind_10m_mean', 'volumetric_soil_water_layer_1_mean', 'soil_temperature_level_1_mean', 'total_precipitation_sum', 'potential_evaporation_sum', 'surface_runoff_sum', 'sub_surface_runoff_sum']
2025-04-08 17:55:57,747: target_variables: ['mean_temp_c']
2025-04-08 17:55:57,763: static_attributes: ['topo_GM90_topo_idx', 'ha_ppd_pk_uav', 'ha_for_pc_use', 'ha_snd_pc_uav', 'ice_PastickAK_probability', 'norm_aet', 'ice_GLIMS_glacier', 'ha_cmi_ix_uyr', 'norm_dis', 'ha_ele_mt_uav', 'ha_snw_pc_uyr', 'latitude', 'ha_tmp_dc_syr', 'ha_cly_pc_uav', 'norm_inundation', 'area_km2', 'ha_wet_pc_ug1', 'ha_nli_ix_uav', 'norm_riverarea', 'ha_pnv_cl_smj', 'ha_lit_cl_smj', 'soil_SG250_soc_15_30', 'soil_Pelletier_sed_thickness', 'ha_lka_pc_sse', 'ha_tmp_dc_s06', 'ha_tmp_dc_s07', 'ha_tmp_dc_s08', 'ha_tmp_dc_s09']
2025-04-08 17:55:57,765: number_of_basins: 100
2025-04-08 17:55:57,765: run_dir: D:\ShuyuChang\AKTemp\Code\Arctic-River-Temp-Predictions\runs\Final_Results_0804_175557
2025-04-08 17:55:57,765: train_dir: D:\ShuyuChang\AKTemp\Code\Arctic-River-Temp-Predictions\runs\Final_Results_0804_175557\train_data
2025-04-08 17:55:57,765: img_log_dir: D:\ShuyuChang\AKTemp\Code\Arctic-River-Temp-Predictions\runs\Final_Results_0804_175557\img_log
2025-04-08 17:55:57,768: ### Device cuda:1 will be used for training
2025-04-08 17:55:57,828: Loading basin data into xarray data set.
2025-04-08 17:56:03,822: Create lookup table and convert to pytorch tensor
2025-04-09 09:51:00,881: Logging to D:\ShuyuChang\AKTemp\Code\Arctic-River-Temp-Predictions\runs\Final_Results_0904_095100\output.log initialized.
2025-04-09 09:51:00,882: ### Folder structure created at D:\ShuyuChang\AKTemp\Code\Arctic-River-Temp-Predictions\runs\Final_Results_0904_095100
2025-04-09 09:51:00,885: ### Run configurations for Final_Results
2025-04-09 09:51:00,885: experiment_name: Final_Results
2025-04-09 09:51:00,887: train_basin_file: Data\1_test\train.txt
2025-04-09 09:51:00,887: validation_basin_file: Data\1_test\train_val.txt
2025-04-09 09:51:00,889: test_basin_file: Data\1_test\test.txt
2025-04-09 09:51:00,890: train_start_date: 2002-01-01 00:00:00
2025-04-09 09:51:00,891: train_end_date: 2022-08-01 00:00:00
2025-04-09 09:51:00,892: validation_start_date: 2002-01-01 00:00:00
2025-04-09 09:51:00,893: validation_end_date: 2022-08-01 00:00:00
2025-04-09 09:51:00,893: test_start_date: 2002-01-01 00:00:00
2025-04-09 09:51:00,895: test_end_date: 2022-09-01 00:00:00
2025-04-09 09:51:00,897: seed: 42
2025-04-09 09:51:00,899: device: cuda:1
2025-04-09 09:51:00,900: validate_every: 0
2025-04-09 09:51:00,901: validate_n_random_basins: 30
2025-04-09 09:51:00,902: metrics: ['NSE', 'RMSE', 'KGE']
2025-04-09 09:51:00,902: model: cudalstm
2025-04-09 09:51:00,904: head: regression
2025-04-09 09:51:00,905: output_activation: linear
2025-04-09 09:51:00,906: hidden_size: 300
2025-04-09 09:51:00,907: initial_forget_bias: 0
2025-04-09 09:51:00,909: output_dropout: 0.3
2025-04-09 09:51:00,910: optimizer: Adam
2025-04-09 09:51:00,912: loss: RMSE
2025-04-09 09:51:00,915: allow_subsequent_nan_losses: 80
2025-04-09 09:51:00,917: learning_rate: 0.000316
2025-04-09 09:51:00,917: batch_size: 40
2025-04-09 09:51:00,918: epochs: 8
2025-04-09 09:51:00,919: clip_gradient_norm: 1
2025-04-09 09:51:00,920: predict_last_n: 1
2025-04-09 09:51:00,921: seq_length: 365
2025-04-09 09:51:00,922: num_workers: 8
2025-04-09 09:51:00,922: log_interval: 1
2025-04-09 09:51:00,923: log_tensorboard: True
2025-04-09 09:51:00,924: log_n_figures: 1
2025-04-09 09:51:00,925: save_weights_every: 1
2025-04-09 09:51:00,926: save_validation_results: True
2025-04-09 09:51:00,926: dataset: generic
2025-04-09 09:51:00,927: data_dir: D:\ShuyuChang\AKTemp\Data\Hyperparameter\1_test
2025-04-09 09:51:00,928: forcings: ['maurer', 'daymet', 'nldas']
2025-04-09 09:51:00,929: dynamic_inputs: ['snow_depth_water_equivalent_mean', 'surface_net_solar_radiation_mean', 'surface_net_thermal_radiation_mean', 'temperature_2m_mean', 'u_component_of_wind_10m_mean', 'v_component_of_wind_10m_mean', 'volumetric_soil_water_layer_1_mean', 'soil_temperature_level_1_mean', 'total_precipitation_sum', 'potential_evaporation_sum', 'surface_runoff_sum', 'sub_surface_runoff_sum']
2025-04-09 09:51:00,929: target_variables: ['mean_temp_c']
2025-04-09 09:51:00,930: static_attributes: ['topo_GM90_topo_idx', 'ha_ppd_pk_uav', 'ha_for_pc_use', 'ha_snd_pc_uav', 'ice_PastickAK_probability', 'norm_aet', 'ice_GLIMS_glacier', 'ha_cmi_ix_uyr', 'norm_dis', 'ha_ele_mt_uav', 'ha_snw_pc_uyr', 'latitude', 'ha_tmp_dc_syr', 'ha_cly_pc_uav', 'norm_inundation', 'area_km2', 'ha_wet_pc_ug1', 'ha_nli_ix_uav', 'norm_riverarea', 'ha_pnv_cl_smj', 'ha_lit_cl_smj', 'soil_SG250_soc_15_30', 'soil_Pelletier_sed_thickness', 'ha_lka_pc_sse', 'ha_tmp_dc_s06', 'ha_tmp_dc_s07', 'ha_tmp_dc_s08', 'ha_tmp_dc_s09']
2025-04-09 09:51:00,931: number_of_basins: 100
2025-04-09 09:51:00,932: run_dir: D:\ShuyuChang\AKTemp\Code\Arctic-River-Temp-Predictions\runs\Final_Results_0904_095100
2025-04-09 09:51:00,932: train_dir: D:\ShuyuChang\AKTemp\Code\Arctic-River-Temp-Predictions\runs\Final_Results_0904_095100\train_data
2025-04-09 09:51:00,933: img_log_dir: D:\ShuyuChang\AKTemp\Code\Arctic-River-Temp-Predictions\runs\Final_Results_0904_095100\img_log
2025-04-09 09:51:00,934: ### Device cuda:1 will be used for training
2025-04-09 09:51:00,989: Loading basin data into xarray data set.
2025-04-09 09:51:08,894: Create lookup table and convert to pytorch tensor
